<?xml version="1.0" encoding="UTF-8"?>
<!-- Generated by org.testng.reporters.JUnitXMLReporter -->
<testsuite ignored="0" hostname="C02XL2Z1JG5J" failures="0" tests="1" name="Surefire test" time="0.144" errors="0" timestamp="2021-06-27T18:09:33 TRT">
  <testcase classname="AbstractTestCase" name="@BeforeClass setUp" time="0.021">
    <failure type="java.lang.NullPointerException">
      <![CDATA[java.lang.NullPointerException
at java.base/java.util.Objects.requireNonNull(Objects.java:208)
at org.openqa.selenium.support.ui.FluentWait.<init>(FluentWait.java:106)
at org.openqa.selenium.support.ui.WebDriverWait.<init>(WebDriverWait.java:85)
at org.openqa.selenium.support.ui.WebDriverWait.<init>(WebDriverWait.java:45)
at AbstractTestCase.setUp(AbstractTestCase.java:33)
at java.base/java.util.concurrent.ThreadPoolExecutor.runWorker(ThreadPoolExecutor.java:1130)
at java.base/java.util.concurrent.ThreadPoolExecutor$Worker.run(ThreadPoolExecutor.java:630)
at java.base/java.lang.Thread.run(Thread.java:831)
... Removed 10 stack frames]]>
    </failure>
  </testcase> <!-- @BeforeClass setUp -->
  <testcase classname="AbstractTestCase" name="@AfterClass tearDown" time="-1.624806573447E9">
    <skipped/>
  </testcase> <!-- @AfterClass tearDown -->
  <testcase classname="HomePageBoutiquesTest" name="getBoutiqueInformation" time="0.0">
    <skipped/>
  </testcase> <!-- getBoutiqueInformation -->
</testsuite> <!-- Surefire test -->
